<?xml version="1.0" encoding="UTF-8"?>
<testsuite name="com.bluevelvet.category.CategoryServiceTest" tests="4" skipped="0" failures="0" errors="0" timestamp="2025-11-30T23:20:29" hostname="mint-xia" time="0.406">
  <properties/>
  <testcase name="createSubCategory_Success()" classname="com.bluevelvet.category.CategoryServiceTest" time="0.381"/>
  <testcase name="createRootCategory_Success()" classname="com.bluevelvet.category.CategoryServiceTest" time="0.007"/>
  <testcase name="createSubCategory_ParentNotFound_ThrowsException()" classname="com.bluevelvet.category.CategoryServiceTest" time="0.007"/>
  <testcase name="createCategory_DuplicateName_ThrowsException()" classname="com.bluevelvet.category.CategoryServiceTest" time="0.005"/>
  <system-out><![CDATA[]]></system-out>
  <system-err><![CDATA[]]></system-err>
</testsuite>
