<?xml version="1.0" encoding="UTF-8"?>
<testsuite name="com.bluevelvet.product.ProductControllerIntegrationTest" tests="4" skipped="0" failures="0" errors="0" timestamp="2025-11-30T23:20:30" hostname="mint-xia" time="0.347">
  <properties/>
  <testcase name="listProductsByCategory_NotFound()" classname="com.bluevelvet.product.ProductControllerIntegrationTest" time="0.079"/>
  <testcase name="listProductsByCategory_Pagination()" classname="com.bluevelvet.product.ProductControllerIntegrationTest" time="0.145"/>
  <testcase name="listProductsByCategory_Success()" classname="com.bluevelvet.product.ProductControllerIntegrationTest" time="0.057"/>
  <testcase name="listProductsByCategory_OnlyEnabled()" classname="com.bluevelvet.product.ProductControllerIntegrationTest" time="0.058"/>
  <system-out><![CDATA[2025-11-30T20:20:30.132-03:00  INFO 27228 --- [BlueVelvetMusicStore] [    Test worker] t.c.s.AnnotationConfigContextLoaderUtils : Could not detect default configuration classes for test class [com.bluevelvet.product.ProductControllerIntegrationTest]: ProductControllerIntegrationTest does not declare any static, non-private, non-final, nested classes annotated with @Configuration.
2025-11-30T20:20:30.159-03:00  INFO 27228 --- [BlueVelvetMusicStore] [    Test worker] .b.t.c.SpringBootTestContextBootstrapper : Found @SpringBootConfiguration com.bluevelvet.BlueVelvetMusicStoreApplication for test class com.bluevelvet.product.ProductControllerIntegrationTest
2025-11-30T20:20:30.178-03:00 DEBUG 27228 --- [BlueVelvetMusicStore] [    Test worker] org.hibernate.SQL                        : 
    select
        p1_0.id,
        p1_0.category_id,
        p1_0.created_time,
        p1_0.description,
        p1_0.enabled,
        p1_0.in_stock,
        p1_0.name,
        p1_0.price,
        p1_0.updated_time 
    from
        products p1_0
Hibernate: 
    select
        p1_0.id,
        p1_0.category_id,
        p1_0.created_time,
        p1_0.description,
        p1_0.enabled,
        p1_0.in_stock,
        p1_0.name,
        p1_0.price,
        p1_0.updated_time 
    from
        products p1_0
2025-11-30T20:20:30.182-03:00 DEBUG 27228 --- [BlueVelvetMusicStore] [    Test worker] org.hibernate.SQL                        : 
    select
        c1_0.id,
        c1_0.enabled,
        c1_0.image_file_name,
        c1_0.name,
        c1_0.parent_id 
    from
        categories c1_0
Hibernate: 
    select
        c1_0.id,
        c1_0.enabled,
        c1_0.image_file_name,
        c1_0.name,
        c1_0.parent_id 
    from
        categories c1_0
2025-11-30T20:20:30.185-03:00 DEBUG 27228 --- [BlueVelvetMusicStore] [    Test worker] org.hibernate.SQL                        : 
    select
        c1_0.parent_id,
        c1_0.id,
        c1_0.enabled,
        c1_0.image_file_name,
        c1_0.name 
    from
        categories c1_0 
    where
        c1_0.parent_id=?
Hibernate: 
    select
        c1_0.parent_id,
        c1_0.id,
        c1_0.enabled,
        c1_0.image_file_name,
        c1_0.name 
    from
        categories c1_0 
    where
        c1_0.parent_id=?
2025-11-30T20:20:30.188-03:00 DEBUG 27228 --- [BlueVelvetMusicStore] [    Test worker] org.hibernate.SQL                        : 
    select
        c1_0.parent_id,
        c1_0.id,
        c1_0.enabled,
        c1_0.image_file_name,
        c1_0.name 
    from
        categories c1_0 
    where
        c1_0.parent_id=?
Hibernate: 
    select
        c1_0.parent_id,
        c1_0.id,
        c1_0.enabled,
        c1_0.image_file_name,
        c1_0.name 
    from
        categories c1_0 
    where
        c1_0.parent_id=?
2025-11-30T20:20:30.190-03:00 DEBUG 27228 --- [BlueVelvetMusicStore] [    Test worker] org.hibernate.SQL                        : 
    select
        c1_0.parent_id,
        c1_0.id,
        c1_0.enabled,
        c1_0.image_file_name,
        c1_0.name 
    from
        categories c1_0 
    where
        c1_0.parent_id=?
Hibernate: 
    select
        c1_0.parent_id,
        c1_0.id,
        c1_0.enabled,
        c1_0.image_file_name,
        c1_0.name 
    from
        categories c1_0 
    where
        c1_0.parent_id=?
2025-11-30T20:20:30.192-03:00 DEBUG 27228 --- [BlueVelvetMusicStore] [    Test worker] org.hibernate.SQL                        : 
    select
        c1_0.parent_id,
        c1_0.id,
        c1_0.enabled,
        c1_0.image_file_name,
        c1_0.name 
    from
        categories c1_0 
    where
        c1_0.parent_id=?
Hibernate: 
    select
        c1_0.parent_id,
        c1_0.id,
        c1_0.enabled,
        c1_0.image_file_name,
        c1_0.name 
    from
        categories c1_0 
    where
        c1_0.parent_id=?
2025-11-30T20:20:30.194-03:00 DEBUG 27228 --- [BlueVelvetMusicStore] [    Test worker] org.hibernate.SQL                        : 
    select
        c1_0.parent_id,
        c1_0.id,
        c1_0.enabled,
        c1_0.image_file_name,
        c1_0.name 
    from
        categories c1_0 
    where
        c1_0.parent_id=?
Hibernate: 
    select
        c1_0.parent_id,
        c1_0.id,
        c1_0.enabled,
        c1_0.image_file_name,
        c1_0.name 
    from
        categories c1_0 
    where
        c1_0.parent_id=?
2025-11-30T20:20:30.196-03:00 DEBUG 27228 --- [BlueVelvetMusicStore] [    Test worker] org.hibernate.SQL                        : 
    select
        c1_0.parent_id,
        c1_0.id,
        c1_0.enabled,
        c1_0.image_file_name,
        c1_0.name 
    from
        categories c1_0 
    where
        c1_0.parent_id=?
Hibernate: 
    select
        c1_0.parent_id,
        c1_0.id,
        c1_0.enabled,
        c1_0.image_file_name,
        c1_0.name 
    from
        categories c1_0 
    where
        c1_0.parent_id=?
2025-11-30T20:20:30.198-03:00 DEBUG 27228 --- [BlueVelvetMusicStore] [    Test worker] org.hibernate.SQL                        : 
    select
        c1_0.parent_id,
        c1_0.id,
        c1_0.enabled,
        c1_0.image_file_name,
        c1_0.name 
    from
        categories c1_0 
    where
        c1_0.parent_id=?
Hibernate: 
    select
        c1_0.parent_id,
        c1_0.id,
        c1_0.enabled,
        c1_0.image_file_name,
        c1_0.name 
    from
        categories c1_0 
    where
        c1_0.parent_id=?
2025-11-30T20:20:30.200-03:00 DEBUG 27228 --- [BlueVelvetMusicStore] [    Test worker] org.hibernate.SQL                        : 
    select
        c1_0.parent_id,
        c1_0.id,
        c1_0.enabled,
        c1_0.image_file_name,
        c1_0.name 
    from
        categories c1_0 
    where
        c1_0.parent_id=?
Hibernate: 
    select
        c1_0.parent_id,
        c1_0.id,
        c1_0.enabled,
        c1_0.image_file_name,
        c1_0.name 
    from
        categories c1_0 
    where
        c1_0.parent_id=?
2025-11-30T20:20:30.204-03:00 DEBUG 27228 --- [BlueVelvetMusicStore] [    Test worker] org.hibernate.SQL                        : 
    delete 
    from
        categories 
    where
        id=?
Hibernate: 
    delete 
    from
        categories 
    where
        id=?
2025-11-30T20:20:30.206-03:00 DEBUG 27228 --- [BlueVelvetMusicStore] [    Test worker] org.hibernate.SQL                        : 
    delete 
    from
        categories 
    where
        id=?
Hibernate: 
    delete 
    from
        categories 
    where
        id=?
2025-11-30T20:20:30.207-03:00 DEBUG 27228 --- [BlueVelvetMusicStore] [    Test worker] org.hibernate.SQL                        : 
    delete 
    from
        categories 
    where
        id=?
Hibernate: 
    delete 
    from
        categories 
    where
        id=?
2025-11-30T20:20:30.209-03:00 DEBUG 27228 --- [BlueVelvetMusicStore] [    Test worker] org.hibernate.SQL                        : 
    delete 
    from
        categories 
    where
        id=?
Hibernate: 
    delete 
    from
        categories 
    where
        id=?
2025-11-30T20:20:30.211-03:00 DEBUG 27228 --- [BlueVelvetMusicStore] [    Test worker] org.hibernate.SQL                        : 
    delete 
    from
        categories 
    where
        id=?
Hibernate: 
    delete 
    from
        categories 
    where
        id=?
2025-11-30T20:20:30.212-03:00 DEBUG 27228 --- [BlueVelvetMusicStore] [    Test worker] org.hibernate.SQL                        : 
    delete 
    from
        categories 
    where
        id=?
Hibernate: 
    delete 
    from
        categories 
    where
        id=?
2025-11-30T20:20:30.214-03:00 DEBUG 27228 --- [BlueVelvetMusicStore] [    Test worker] org.hibernate.SQL                        : 
    delete 
    from
        categories 
    where
        id=?
Hibernate: 
    delete 
    from
        categories 
    where
        id=?
2025-11-30T20:20:30.215-03:00 DEBUG 27228 --- [BlueVelvetMusicStore] [    Test worker] org.hibernate.SQL                        : 
    delete 
    from
        categories 
    where
        id=?
Hibernate: 
    delete 
    from
        categories 
    where
        id=?
2025-11-30T20:20:30.232-03:00 DEBUG 27228 --- [BlueVelvetMusicStore] [    Test worker] org.hibernate.SQL                        : 
    select
        c1_0.id,
        c1_0.enabled,
        c1_0.image_file_name,
        c1_0.name,
        c1_0.parent_id 
    from
        categories c1_0 
    where
        c1_0.id=?
Hibernate: 
    select
        c1_0.id,
        c1_0.enabled,
        c1_0.image_file_name,
        c1_0.name,
        c1_0.parent_id 
    from
        categories c1_0 
    where
        c1_0.id=?
2025-11-30T20:20:30.257-03:00 DEBUG 27228 --- [BlueVelvetMusicStore] [    Test worker] org.hibernate.SQL                        : 
    select
        p1_0.id,
        p1_0.category_id,
        p1_0.created_time,
        p1_0.description,
        p1_0.enabled,
        p1_0.in_stock,
        p1_0.name,
        p1_0.price,
        p1_0.updated_time 
    from
        products p1_0
Hibernate: 
    select
        p1_0.id,
        p1_0.category_id,
        p1_0.created_time,
        p1_0.description,
        p1_0.enabled,
        p1_0.in_stock,
        p1_0.name,
        p1_0.price,
        p1_0.updated_time 
    from
        products p1_0
2025-11-30T20:20:30.260-03:00 DEBUG 27228 --- [BlueVelvetMusicStore] [    Test worker] org.hibernate.SQL                        : 
    select
        c1_0.id,
        c1_0.enabled,
        c1_0.image_file_name,
        c1_0.name,
        c1_0.parent_id 
    from
        categories c1_0
Hibernate: 
    select
        c1_0.id,
        c1_0.enabled,
        c1_0.image_file_name,
        c1_0.name,
        c1_0.parent_id 
    from
        categories c1_0
2025-11-30T20:20:30.264-03:00 DEBUG 27228 --- [BlueVelvetMusicStore] [    Test worker] org.hibernate.SQL                        : 
    select
        c1_0.parent_id,
        c1_0.id,
        c1_0.enabled,
        c1_0.image_file_name,
        c1_0.name 
    from
        categories c1_0 
    where
        c1_0.parent_id=?
Hibernate: 
    select
        c1_0.parent_id,
        c1_0.id,
        c1_0.enabled,
        c1_0.image_file_name,
        c1_0.name 
    from
        categories c1_0 
    where
        c1_0.parent_id=?
2025-11-30T20:20:30.266-03:00 DEBUG 27228 --- [BlueVelvetMusicStore] [    Test worker] org.hibernate.SQL                        : 
    select
        c1_0.parent_id,
        c1_0.id,
        c1_0.enabled,
        c1_0.image_file_name,
        c1_0.name 
    from
        categories c1_0 
    where
        c1_0.parent_id=?
Hibernate: 
    select
        c1_0.parent_id,
        c1_0.id,
        c1_0.enabled,
        c1_0.image_file_name,
        c1_0.name 
    from
        categories c1_0 
    where
        c1_0.parent_id=?
2025-11-30T20:20:30.267-03:00 DEBUG 27228 --- [BlueVelvetMusicStore] [    Test worker] org.hibernate.SQL                        : 
    select
        c1_0.parent_id,
        c1_0.id,
        c1_0.enabled,
        c1_0.image_file_name,
        c1_0.name 
    from
        categories c1_0 
    where
        c1_0.parent_id=?
Hibernate: 
    select
        c1_0.parent_id,
        c1_0.id,
        c1_0.enabled,
        c1_0.image_file_name,
        c1_0.name 
    from
        categories c1_0 
    where
        c1_0.parent_id=?
2025-11-30T20:20:30.269-03:00 DEBUG 27228 --- [BlueVelvetMusicStore] [    Test worker] org.hibernate.SQL                        : 
    select
        c1_0.parent_id,
        c1_0.id,
        c1_0.enabled,
        c1_0.image_file_name,
        c1_0.name 
    from
        categories c1_0 
    where
        c1_0.parent_id=?
Hibernate: 
    select
        c1_0.parent_id,
        c1_0.id,
        c1_0.enabled,
        c1_0.image_file_name,
        c1_0.name 
    from
        categories c1_0 
    where
        c1_0.parent_id=?
2025-11-30T20:20:30.270-03:00 DEBUG 27228 --- [BlueVelvetMusicStore] [    Test worker] org.hibernate.SQL                        : 
    select
        c1_0.parent_id,
        c1_0.id,
        c1_0.enabled,
        c1_0.image_file_name,
        c1_0.name 
    from
        categories c1_0 
    where
        c1_0.parent_id=?
Hibernate: 
    select
        c1_0.parent_id,
        c1_0.id,
        c1_0.enabled,
        c1_0.image_file_name,
        c1_0.name 
    from
        categories c1_0 
    where
        c1_0.parent_id=?
2025-11-30T20:20:30.272-03:00 DEBUG 27228 --- [BlueVelvetMusicStore] [    Test worker] org.hibernate.SQL                        : 
    select
        c1_0.parent_id,
        c1_0.id,
        c1_0.enabled,
        c1_0.image_file_name,
        c1_0.name 
    from
        categories c1_0 
    where
        c1_0.parent_id=?
Hibernate: 
    select
        c1_0.parent_id,
        c1_0.id,
        c1_0.enabled,
        c1_0.image_file_name,
        c1_0.name 
    from
        categories c1_0 
    where
        c1_0.parent_id=?
2025-11-30T20:20:30.273-03:00 DEBUG 27228 --- [BlueVelvetMusicStore] [    Test worker] org.hibernate.SQL                        : 
    select
        c1_0.parent_id,
        c1_0.id,
        c1_0.enabled,
        c1_0.image_file_name,
        c1_0.name 
    from
        categories c1_0 
    where
        c1_0.parent_id=?
Hibernate: 
    select
        c1_0.parent_id,
        c1_0.id,
        c1_0.enabled,
        c1_0.image_file_name,
        c1_0.name 
    from
        categories c1_0 
    where
        c1_0.parent_id=?
2025-11-30T20:20:30.275-03:00 DEBUG 27228 --- [BlueVelvetMusicStore] [    Test worker] org.hibernate.SQL                        : 
    select
        c1_0.parent_id,
        c1_0.id,
        c1_0.enabled,
        c1_0.image_file_name,
        c1_0.name 
    from
        categories c1_0 
    where
        c1_0.parent_id=?
Hibernate: 
    select
        c1_0.parent_id,
        c1_0.id,
        c1_0.enabled,
        c1_0.image_file_name,
        c1_0.name 
    from
        categories c1_0 
    where
        c1_0.parent_id=?
2025-11-30T20:20:30.277-03:00 DEBUG 27228 --- [BlueVelvetMusicStore] [    Test worker] org.hibernate.SQL                        : 
    delete 
    from
        categories 
    where
        id=?
Hibernate: 
    delete 
    from
        categories 
    where
        id=?
2025-11-30T20:20:30.279-03:00 DEBUG 27228 --- [BlueVelvetMusicStore] [    Test worker] org.hibernate.SQL                        : 
    delete 
    from
        categories 
    where
        id=?
Hibernate: 
    delete 
    from
        categories 
    where
        id=?
2025-11-30T20:20:30.280-03:00 DEBUG 27228 --- [BlueVelvetMusicStore] [    Test worker] org.hibernate.SQL                        : 
    delete 
    from
        categories 
    where
        id=?
Hibernate: 
    delete 
    from
        categories 
    where
        id=?
2025-11-30T20:20:30.281-03:00 DEBUG 27228 --- [BlueVelvetMusicStore] [    Test worker] org.hibernate.SQL                        : 
    delete 
    from
        categories 
    where
        id=?
Hibernate: 
    delete 
    from
        categories 
    where
        id=?
2025-11-30T20:20:30.282-03:00 DEBUG 27228 --- [BlueVelvetMusicStore] [    Test worker] org.hibernate.SQL                        : 
    delete 
    from
        categories 
    where
        id=?
Hibernate: 
    delete 
    from
        categories 
    where
        id=?
2025-11-30T20:20:30.283-03:00 DEBUG 27228 --- [BlueVelvetMusicStore] [    Test worker] org.hibernate.SQL                        : 
    delete 
    from
        categories 
    where
        id=?
Hibernate: 
    delete 
    from
        categories 
    where
        id=?
2025-11-30T20:20:30.284-03:00 DEBUG 27228 --- [BlueVelvetMusicStore] [    Test worker] org.hibernate.SQL                        : 
    delete 
    from
        categories 
    where
        id=?
Hibernate: 
    delete 
    from
        categories 
    where
        id=?
2025-11-30T20:20:30.286-03:00 DEBUG 27228 --- [BlueVelvetMusicStore] [    Test worker] org.hibernate.SQL                        : 
    delete 
    from
        categories 
    where
        id=?
Hibernate: 
    delete 
    from
        categories 
    where
        id=?
2025-11-30T20:20:30.288-03:00 DEBUG 27228 --- [BlueVelvetMusicStore] [    Test worker] org.hibernate.SQL                        : 
    insert 
    into
        categories
        (enabled, image_file_name, name, parent_id, id) 
    values
        (?, ?, ?, ?, default)
Hibernate: 
    insert 
    into
        categories
        (enabled, image_file_name, name, parent_id, id) 
    values
        (?, ?, ?, ?, default)
2025-11-30T20:20:30.296-03:00 DEBUG 27228 --- [BlueVelvetMusicStore] [    Test worker] org.hibernate.SQL                        : 
    insert 
    into
        products
        (category_id, created_time, description, enabled, in_stock, name, price, updated_time, id) 
    values
        (?, ?, ?, ?, ?, ?, ?, ?, default)
Hibernate: 
    insert 
    into
        products
        (category_id, created_time, description, enabled, in_stock, name, price, updated_time, id) 
    values
        (?, ?, ?, ?, ?, ?, ?, ?, default)
2025-11-30T20:20:30.301-03:00 DEBUG 27228 --- [BlueVelvetMusicStore] [    Test worker] org.hibernate.SQL                        : 
    insert 
    into
        products
        (category_id, created_time, description, enabled, in_stock, name, price, updated_time, id) 
    values
        (?, ?, ?, ?, ?, ?, ?, ?, default)
Hibernate: 
    insert 
    into
        products
        (category_id, created_time, description, enabled, in_stock, name, price, updated_time, id) 
    values
        (?, ?, ?, ?, ?, ?, ?, ?, default)
2025-11-30T20:20:30.303-03:00 DEBUG 27228 --- [BlueVelvetMusicStore] [    Test worker] org.hibernate.SQL                        : 
    insert 
    into
        products
        (category_id, created_time, description, enabled, in_stock, name, price, updated_time, id) 
    values
        (?, ?, ?, ?, ?, ?, ?, ?, default)
Hibernate: 
    insert 
    into
        products
        (category_id, created_time, description, enabled, in_stock, name, price, updated_time, id) 
    values
        (?, ?, ?, ?, ?, ?, ?, ?, default)
2025-11-30T20:20:30.305-03:00 DEBUG 27228 --- [BlueVelvetMusicStore] [    Test worker] org.hibernate.SQL                        : 
    insert 
    into
        products
        (category_id, created_time, description, enabled, in_stock, name, price, updated_time, id) 
    values
        (?, ?, ?, ?, ?, ?, ?, ?, default)
Hibernate: 
    insert 
    into
        products
        (category_id, created_time, description, enabled, in_stock, name, price, updated_time, id) 
    values
        (?, ?, ?, ?, ?, ?, ?, ?, default)
2025-11-30T20:20:30.307-03:00 DEBUG 27228 --- [BlueVelvetMusicStore] [    Test worker] org.hibernate.SQL                        : 
    insert 
    into
        products
        (category_id, created_time, description, enabled, in_stock, name, price, updated_time, id) 
    values
        (?, ?, ?, ?, ?, ?, ?, ?, default)
Hibernate: 
    insert 
    into
        products
        (category_id, created_time, description, enabled, in_stock, name, price, updated_time, id) 
    values
        (?, ?, ?, ?, ?, ?, ?, ?, default)
2025-11-30T20:20:30.310-03:00 DEBUG 27228 --- [BlueVelvetMusicStore] [    Test worker] org.hibernate.SQL                        : 
    insert 
    into
        products
        (category_id, created_time, description, enabled, in_stock, name, price, updated_time, id) 
    values
        (?, ?, ?, ?, ?, ?, ?, ?, default)
Hibernate: 
    insert 
    into
        products
        (category_id, created_time, description, enabled, in_stock, name, price, updated_time, id) 
    values
        (?, ?, ?, ?, ?, ?, ?, ?, default)
2025-11-30T20:20:30.312-03:00 DEBUG 27228 --- [BlueVelvetMusicStore] [    Test worker] org.hibernate.SQL                        : 
    insert 
    into
        products
        (category_id, created_time, description, enabled, in_stock, name, price, updated_time, id) 
    values
        (?, ?, ?, ?, ?, ?, ?, ?, default)
Hibernate: 
    insert 
    into
        products
        (category_id, created_time, description, enabled, in_stock, name, price, updated_time, id) 
    values
        (?, ?, ?, ?, ?, ?, ?, ?, default)
2025-11-30T20:20:30.314-03:00 DEBUG 27228 --- [BlueVelvetMusicStore] [    Test worker] org.hibernate.SQL                        : 
    insert 
    into
        products
        (category_id, created_time, description, enabled, in_stock, name, price, updated_time, id) 
    values
        (?, ?, ?, ?, ?, ?, ?, ?, default)
Hibernate: 
    insert 
    into
        products
        (category_id, created_time, description, enabled, in_stock, name, price, updated_time, id) 
    values
        (?, ?, ?, ?, ?, ?, ?, ?, default)
2025-11-30T20:20:30.316-03:00 DEBUG 27228 --- [BlueVelvetMusicStore] [    Test worker] org.hibernate.SQL                        : 
    insert 
    into
        products
        (category_id, created_time, description, enabled, in_stock, name, price, updated_time, id) 
    values
        (?, ?, ?, ?, ?, ?, ?, ?, default)
Hibernate: 
    insert 
    into
        products
        (category_id, created_time, description, enabled, in_stock, name, price, updated_time, id) 
    values
        (?, ?, ?, ?, ?, ?, ?, ?, default)
2025-11-30T20:20:30.318-03:00 DEBUG 27228 --- [BlueVelvetMusicStore] [    Test worker] org.hibernate.SQL                        : 
    insert 
    into
        products
        (category_id, created_time, description, enabled, in_stock, name, price, updated_time, id) 
    values
        (?, ?, ?, ?, ?, ?, ?, ?, default)
Hibernate: 
    insert 
    into
        products
        (category_id, created_time, description, enabled, in_stock, name, price, updated_time, id) 
    values
        (?, ?, ?, ?, ?, ?, ?, ?, default)
2025-11-30T20:20:30.336-03:00 DEBUG 27228 --- [BlueVelvetMusicStore] [    Test worker] org.hibernate.SQL                        : 
    select
        p1_0.id,
        p1_0.category_id,
        p1_0.created_time,
        p1_0.description,
        p1_0.enabled,
        p1_0.in_stock,
        p1_0.name,
        p1_0.price,
        p1_0.updated_time 
    from
        products p1_0 
    where
        p1_0.category_id=? 
        and p1_0.enabled 
    order by
        p1_0.created_time desc 
    offset
        ? rows 
    fetch
        first ? rows only
Hibernate: 
    select
        p1_0.id,
        p1_0.category_id,
        p1_0.created_time,
        p1_0.description,
        p1_0.enabled,
        p1_0.in_stock,
        p1_0.name,
        p1_0.price,
        p1_0.updated_time 
    from
        products p1_0 
    where
        p1_0.category_id=? 
        and p1_0.enabled 
    order by
        p1_0.created_time desc 
    offset
        ? rows 
    fetch
        first ? rows only
2025-11-30T20:20:30.345-03:00 DEBUG 27228 --- [BlueVelvetMusicStore] [    Test worker] org.hibernate.SQL                        : 
    select
        count(p1_0.id) 
    from
        products p1_0 
    where
        p1_0.category_id=? 
        and p1_0.enabled
Hibernate: 
    select
        count(p1_0.id) 
    from
        products p1_0 
    where
        p1_0.category_id=? 
        and p1_0.enabled
2025-11-30T20:20:30.404-03:00 DEBUG 27228 --- [BlueVelvetMusicStore] [    Test worker] org.hibernate.SQL                        : 
    select
        p1_0.id,
        p1_0.category_id,
        p1_0.created_time,
        p1_0.description,
        p1_0.enabled,
        p1_0.in_stock,
        p1_0.name,
        p1_0.price,
        p1_0.updated_time 
    from
        products p1_0
Hibernate: 
    select
        p1_0.id,
        p1_0.category_id,
        p1_0.created_time,
        p1_0.description,
        p1_0.enabled,
        p1_0.in_stock,
        p1_0.name,
        p1_0.price,
        p1_0.updated_time 
    from
        products p1_0
2025-11-30T20:20:30.406-03:00 DEBUG 27228 --- [BlueVelvetMusicStore] [    Test worker] org.hibernate.SQL                        : 
    select
        c1_0.id,
        c1_0.enabled,
        c1_0.image_file_name,
        c1_0.name,
        c1_0.parent_id 
    from
        categories c1_0
Hibernate: 
    select
        c1_0.id,
        c1_0.enabled,
        c1_0.image_file_name,
        c1_0.name,
        c1_0.parent_id 
    from
        categories c1_0
2025-11-30T20:20:30.410-03:00 DEBUG 27228 --- [BlueVelvetMusicStore] [    Test worker] org.hibernate.SQL                        : 
    select
        c1_0.parent_id,
        c1_0.id,
        c1_0.enabled,
        c1_0.image_file_name,
        c1_0.name 
    from
        categories c1_0 
    where
        c1_0.parent_id=?
Hibernate: 
    select
        c1_0.parent_id,
        c1_0.id,
        c1_0.enabled,
        c1_0.image_file_name,
        c1_0.name 
    from
        categories c1_0 
    where
        c1_0.parent_id=?
2025-11-30T20:20:30.412-03:00 DEBUG 27228 --- [BlueVelvetMusicStore] [    Test worker] org.hibernate.SQL                        : 
    select
        c1_0.parent_id,
        c1_0.id,
        c1_0.enabled,
        c1_0.image_file_name,
        c1_0.name 
    from
        categories c1_0 
    where
        c1_0.parent_id=?
Hibernate: 
    select
        c1_0.parent_id,
        c1_0.id,
        c1_0.enabled,
        c1_0.image_file_name,
        c1_0.name 
    from
        categories c1_0 
    where
        c1_0.parent_id=?
2025-11-30T20:20:30.413-03:00 DEBUG 27228 --- [BlueVelvetMusicStore] [    Test worker] org.hibernate.SQL                        : 
    select
        c1_0.parent_id,
        c1_0.id,
        c1_0.enabled,
        c1_0.image_file_name,
        c1_0.name 
    from
        categories c1_0 
    where
        c1_0.parent_id=?
Hibernate: 
    select
        c1_0.parent_id,
        c1_0.id,
        c1_0.enabled,
        c1_0.image_file_name,
        c1_0.name 
    from
        categories c1_0 
    where
        c1_0.parent_id=?
2025-11-30T20:20:30.414-03:00 DEBUG 27228 --- [BlueVelvetMusicStore] [    Test worker] org.hibernate.SQL                        : 
    select
        c1_0.parent_id,
        c1_0.id,
        c1_0.enabled,
        c1_0.image_file_name,
        c1_0.name 
    from
        categories c1_0 
    where
        c1_0.parent_id=?
Hibernate: 
    select
        c1_0.parent_id,
        c1_0.id,
        c1_0.enabled,
        c1_0.image_file_name,
        c1_0.name 
    from
        categories c1_0 
    where
        c1_0.parent_id=?
2025-11-30T20:20:30.416-03:00 DEBUG 27228 --- [BlueVelvetMusicStore] [    Test worker] org.hibernate.SQL                        : 
    select
        c1_0.parent_id,
        c1_0.id,
        c1_0.enabled,
        c1_0.image_file_name,
        c1_0.name 
    from
        categories c1_0 
    where
        c1_0.parent_id=?
Hibernate: 
    select
        c1_0.parent_id,
        c1_0.id,
        c1_0.enabled,
        c1_0.image_file_name,
        c1_0.name 
    from
        categories c1_0 
    where
        c1_0.parent_id=?
2025-11-30T20:20:30.417-03:00 DEBUG 27228 --- [BlueVelvetMusicStore] [    Test worker] org.hibernate.SQL                        : 
    select
        c1_0.parent_id,
        c1_0.id,
        c1_0.enabled,
        c1_0.image_file_name,
        c1_0.name 
    from
        categories c1_0 
    where
        c1_0.parent_id=?
Hibernate: 
    select
        c1_0.parent_id,
        c1_0.id,
        c1_0.enabled,
        c1_0.image_file_name,
        c1_0.name 
    from
        categories c1_0 
    where
        c1_0.parent_id=?
2025-11-30T20:20:30.419-03:00 DEBUG 27228 --- [BlueVelvetMusicStore] [    Test worker] org.hibernate.SQL                        : 
    select
        c1_0.parent_id,
        c1_0.id,
        c1_0.enabled,
        c1_0.image_file_name,
        c1_0.name 
    from
        categories c1_0 
    where
        c1_0.parent_id=?
Hibernate: 
    select
        c1_0.parent_id,
        c1_0.id,
        c1_0.enabled,
        c1_0.image_file_name,
        c1_0.name 
    from
        categories c1_0 
    where
        c1_0.parent_id=?
2025-11-30T20:20:30.420-03:00 DEBUG 27228 --- [BlueVelvetMusicStore] [    Test worker] org.hibernate.SQL                        : 
    select
        c1_0.parent_id,
        c1_0.id,
        c1_0.enabled,
        c1_0.image_file_name,
        c1_0.name 
    from
        categories c1_0 
    where
        c1_0.parent_id=?
Hibernate: 
    select
        c1_0.parent_id,
        c1_0.id,
        c1_0.enabled,
        c1_0.image_file_name,
        c1_0.name 
    from
        categories c1_0 
    where
        c1_0.parent_id=?
2025-11-30T20:20:30.423-03:00 DEBUG 27228 --- [BlueVelvetMusicStore] [    Test worker] org.hibernate.SQL                        : 
    delete 
    from
        categories 
    where
        id=?
Hibernate: 
    delete 
    from
        categories 
    where
        id=?
2025-11-30T20:20:30.424-03:00 DEBUG 27228 --- [BlueVelvetMusicStore] [    Test worker] org.hibernate.SQL                        : 
    delete 
    from
        categories 
    where
        id=?
Hibernate: 
    delete 
    from
        categories 
    where
        id=?
2025-11-30T20:20:30.425-03:00 DEBUG 27228 --- [BlueVelvetMusicStore] [    Test worker] org.hibernate.SQL                        : 
    delete 
    from
        categories 
    where
        id=?
Hibernate: 
    delete 
    from
        categories 
    where
        id=?
2025-11-30T20:20:30.426-03:00 DEBUG 27228 --- [BlueVelvetMusicStore] [    Test worker] org.hibernate.SQL                        : 
    delete 
    from
        categories 
    where
        id=?
Hibernate: 
    delete 
    from
        categories 
    where
        id=?
2025-11-30T20:20:30.427-03:00 DEBUG 27228 --- [BlueVelvetMusicStore] [    Test worker] org.hibernate.SQL                        : 
    delete 
    from
        categories 
    where
        id=?
Hibernate: 
    delete 
    from
        categories 
    where
        id=?
2025-11-30T20:20:30.427-03:00 DEBUG 27228 --- [BlueVelvetMusicStore] [    Test worker] org.hibernate.SQL                        : 
    delete 
    from
        categories 
    where
        id=?
Hibernate: 
    delete 
    from
        categories 
    where
        id=?
2025-11-30T20:20:30.428-03:00 DEBUG 27228 --- [BlueVelvetMusicStore] [    Test worker] org.hibernate.SQL                        : 
    delete 
    from
        categories 
    where
        id=?
Hibernate: 
    delete 
    from
        categories 
    where
        id=?
2025-11-30T20:20:30.429-03:00 DEBUG 27228 --- [BlueVelvetMusicStore] [    Test worker] org.hibernate.SQL                        : 
    delete 
    from
        categories 
    where
        id=?
Hibernate: 
    delete 
    from
        categories 
    where
        id=?
2025-11-30T20:20:30.431-03:00 DEBUG 27228 --- [BlueVelvetMusicStore] [    Test worker] org.hibernate.SQL                        : 
    insert 
    into
        categories
        (enabled, image_file_name, name, parent_id, id) 
    values
        (?, ?, ?, ?, default)
Hibernate: 
    insert 
    into
        categories
        (enabled, image_file_name, name, parent_id, id) 
    values
        (?, ?, ?, ?, default)
2025-11-30T20:20:30.434-03:00 DEBUG 27228 --- [BlueVelvetMusicStore] [    Test worker] org.hibernate.SQL                        : 
    insert 
    into
        products
        (category_id, created_time, description, enabled, in_stock, name, price, updated_time, id) 
    values
        (?, ?, ?, ?, ?, ?, ?, ?, default)
Hibernate: 
    insert 
    into
        products
        (category_id, created_time, description, enabled, in_stock, name, price, updated_time, id) 
    values
        (?, ?, ?, ?, ?, ?, ?, ?, default)
2025-11-30T20:20:30.436-03:00 DEBUG 27228 --- [BlueVelvetMusicStore] [    Test worker] org.hibernate.SQL                        : 
    insert 
    into
        products
        (category_id, created_time, description, enabled, in_stock, name, price, updated_time, id) 
    values
        (?, ?, ?, ?, ?, ?, ?, ?, default)
Hibernate: 
    insert 
    into
        products
        (category_id, created_time, description, enabled, in_stock, name, price, updated_time, id) 
    values
        (?, ?, ?, ?, ?, ?, ?, ?, default)
2025-11-30T20:20:30.444-03:00 DEBUG 27228 --- [BlueVelvetMusicStore] [    Test worker] org.hibernate.SQL                        : 
    select
        p1_0.id,
        p1_0.category_id,
        p1_0.created_time,
        p1_0.description,
        p1_0.enabled,
        p1_0.in_stock,
        p1_0.name,
        p1_0.price,
        p1_0.updated_time 
    from
        products p1_0 
    where
        p1_0.category_id=? 
        and p1_0.enabled 
    order by
        p1_0.created_time desc 
    offset
        ? rows 
    fetch
        first ? rows only
Hibernate: 
    select
        p1_0.id,
        p1_0.category_id,
        p1_0.created_time,
        p1_0.description,
        p1_0.enabled,
        p1_0.in_stock,
        p1_0.name,
        p1_0.price,
        p1_0.updated_time 
    from
        products p1_0 
    where
        p1_0.category_id=? 
        and p1_0.enabled 
    order by
        p1_0.created_time desc 
    offset
        ? rows 
    fetch
        first ? rows only
2025-11-30T20:20:30.464-03:00 DEBUG 27228 --- [BlueVelvetMusicStore] [    Test worker] org.hibernate.SQL                        : 
    select
        p1_0.id,
        p1_0.category_id,
        p1_0.created_time,
        p1_0.description,
        p1_0.enabled,
        p1_0.in_stock,
        p1_0.name,
        p1_0.price,
        p1_0.updated_time 
    from
        products p1_0
Hibernate: 
    select
        p1_0.id,
        p1_0.category_id,
        p1_0.created_time,
        p1_0.description,
        p1_0.enabled,
        p1_0.in_stock,
        p1_0.name,
        p1_0.price,
        p1_0.updated_time 
    from
        products p1_0
2025-11-30T20:20:30.467-03:00 DEBUG 27228 --- [BlueVelvetMusicStore] [    Test worker] org.hibernate.SQL                        : 
    select
        c1_0.id,
        c1_0.enabled,
        c1_0.image_file_name,
        c1_0.name,
        c1_0.parent_id 
    from
        categories c1_0
Hibernate: 
    select
        c1_0.id,
        c1_0.enabled,
        c1_0.image_file_name,
        c1_0.name,
        c1_0.parent_id 
    from
        categories c1_0
2025-11-30T20:20:30.471-03:00 DEBUG 27228 --- [BlueVelvetMusicStore] [    Test worker] org.hibernate.SQL                        : 
    select
        c1_0.parent_id,
        c1_0.id,
        c1_0.enabled,
        c1_0.image_file_name,
        c1_0.name 
    from
        categories c1_0 
    where
        c1_0.parent_id=?
Hibernate: 
    select
        c1_0.parent_id,
        c1_0.id,
        c1_0.enabled,
        c1_0.image_file_name,
        c1_0.name 
    from
        categories c1_0 
    where
        c1_0.parent_id=?
2025-11-30T20:20:30.473-03:00 DEBUG 27228 --- [BlueVelvetMusicStore] [    Test worker] org.hibernate.SQL                        : 
    select
        c1_0.parent_id,
        c1_0.id,
        c1_0.enabled,
        c1_0.image_file_name,
        c1_0.name 
    from
        categories c1_0 
    where
        c1_0.parent_id=?
Hibernate: 
    select
        c1_0.parent_id,
        c1_0.id,
        c1_0.enabled,
        c1_0.image_file_name,
        c1_0.name 
    from
        categories c1_0 
    where
        c1_0.parent_id=?
2025-11-30T20:20:30.474-03:00 DEBUG 27228 --- [BlueVelvetMusicStore] [    Test worker] org.hibernate.SQL                        : 
    select
        c1_0.parent_id,
        c1_0.id,
        c1_0.enabled,
        c1_0.image_file_name,
        c1_0.name 
    from
        categories c1_0 
    where
        c1_0.parent_id=?
Hibernate: 
    select
        c1_0.parent_id,
        c1_0.id,
        c1_0.enabled,
        c1_0.image_file_name,
        c1_0.name 
    from
        categories c1_0 
    where
        c1_0.parent_id=?
2025-11-30T20:20:30.475-03:00 DEBUG 27228 --- [BlueVelvetMusicStore] [    Test worker] org.hibernate.SQL                        : 
    select
        c1_0.parent_id,
        c1_0.id,
        c1_0.enabled,
        c1_0.image_file_name,
        c1_0.name 
    from
        categories c1_0 
    where
        c1_0.parent_id=?
Hibernate: 
    select
        c1_0.parent_id,
        c1_0.id,
        c1_0.enabled,
        c1_0.image_file_name,
        c1_0.name 
    from
        categories c1_0 
    where
        c1_0.parent_id=?
2025-11-30T20:20:30.476-03:00 DEBUG 27228 --- [BlueVelvetMusicStore] [    Test worker] org.hibernate.SQL                        : 
    select
        c1_0.parent_id,
        c1_0.id,
        c1_0.enabled,
        c1_0.image_file_name,
        c1_0.name 
    from
        categories c1_0 
    where
        c1_0.parent_id=?
Hibernate: 
    select
        c1_0.parent_id,
        c1_0.id,
        c1_0.enabled,
        c1_0.image_file_name,
        c1_0.name 
    from
        categories c1_0 
    where
        c1_0.parent_id=?
2025-11-30T20:20:30.477-03:00 DEBUG 27228 --- [BlueVelvetMusicStore] [    Test worker] org.hibernate.SQL                        : 
    select
        c1_0.parent_id,
        c1_0.id,
        c1_0.enabled,
        c1_0.image_file_name,
        c1_0.name 
    from
        categories c1_0 
    where
        c1_0.parent_id=?
Hibernate: 
    select
        c1_0.parent_id,
        c1_0.id,
        c1_0.enabled,
        c1_0.image_file_name,
        c1_0.name 
    from
        categories c1_0 
    where
        c1_0.parent_id=?
2025-11-30T20:20:30.478-03:00 DEBUG 27228 --- [BlueVelvetMusicStore] [    Test worker] org.hibernate.SQL                        : 
    select
        c1_0.parent_id,
        c1_0.id,
        c1_0.enabled,
        c1_0.image_file_name,
        c1_0.name 
    from
        categories c1_0 
    where
        c1_0.parent_id=?
Hibernate: 
    select
        c1_0.parent_id,
        c1_0.id,
        c1_0.enabled,
        c1_0.image_file_name,
        c1_0.name 
    from
        categories c1_0 
    where
        c1_0.parent_id=?
2025-11-30T20:20:30.479-03:00 DEBUG 27228 --- [BlueVelvetMusicStore] [    Test worker] org.hibernate.SQL                        : 
    select
        c1_0.parent_id,
        c1_0.id,
        c1_0.enabled,
        c1_0.image_file_name,
        c1_0.name 
    from
        categories c1_0 
    where
        c1_0.parent_id=?
Hibernate: 
    select
        c1_0.parent_id,
        c1_0.id,
        c1_0.enabled,
        c1_0.image_file_name,
        c1_0.name 
    from
        categories c1_0 
    where
        c1_0.parent_id=?
2025-11-30T20:20:30.482-03:00 DEBUG 27228 --- [BlueVelvetMusicStore] [    Test worker] org.hibernate.SQL                        : 
    delete 
    from
        categories 
    where
        id=?
Hibernate: 
    delete 
    from
        categories 
    where
        id=?
2025-11-30T20:20:30.483-03:00 DEBUG 27228 --- [BlueVelvetMusicStore] [    Test worker] org.hibernate.SQL                        : 
    delete 
    from
        categories 
    where
        id=?
Hibernate: 
    delete 
    from
        categories 
    where
        id=?
2025-11-30T20:20:30.484-03:00 DEBUG 27228 --- [BlueVelvetMusicStore] [    Test worker] org.hibernate.SQL                        : 
    delete 
    from
        categories 
    where
        id=?
Hibernate: 
    delete 
    from
        categories 
    where
        id=?
2025-11-30T20:20:30.485-03:00 DEBUG 27228 --- [BlueVelvetMusicStore] [    Test worker] org.hibernate.SQL                        : 
    delete 
    from
        categories 
    where
        id=?
Hibernate: 
    delete 
    from
        categories 
    where
        id=?
2025-11-30T20:20:30.486-03:00 DEBUG 27228 --- [BlueVelvetMusicStore] [    Test worker] org.hibernate.SQL                        : 
    delete 
    from
        categories 
    where
        id=?
Hibernate: 
    delete 
    from
        categories 
    where
        id=?
2025-11-30T20:20:30.487-03:00 DEBUG 27228 --- [BlueVelvetMusicStore] [    Test worker] org.hibernate.SQL                        : 
    delete 
    from
        categories 
    where
        id=?
Hibernate: 
    delete 
    from
        categories 
    where
        id=?
2025-11-30T20:20:30.487-03:00 DEBUG 27228 --- [BlueVelvetMusicStore] [    Test worker] org.hibernate.SQL                        : 
    delete 
    from
        categories 
    where
        id=?
Hibernate: 
    delete 
    from
        categories 
    where
        id=?
2025-11-30T20:20:30.488-03:00 DEBUG 27228 --- [BlueVelvetMusicStore] [    Test worker] org.hibernate.SQL                        : 
    delete 
    from
        categories 
    where
        id=?
Hibernate: 
    delete 
    from
        categories 
    where
        id=?
2025-11-30T20:20:30.490-03:00 DEBUG 27228 --- [BlueVelvetMusicStore] [    Test worker] org.hibernate.SQL                        : 
    insert 
    into
        categories
        (enabled, image_file_name, name, parent_id, id) 
    values
        (?, ?, ?, ?, default)
Hibernate: 
    insert 
    into
        categories
        (enabled, image_file_name, name, parent_id, id) 
    values
        (?, ?, ?, ?, default)
2025-11-30T20:20:30.492-03:00 DEBUG 27228 --- [BlueVelvetMusicStore] [    Test worker] org.hibernate.SQL                        : 
    insert 
    into
        products
        (category_id, created_time, description, enabled, in_stock, name, price, updated_time, id) 
    values
        (?, ?, ?, ?, ?, ?, ?, ?, default)
Hibernate: 
    insert 
    into
        products
        (category_id, created_time, description, enabled, in_stock, name, price, updated_time, id) 
    values
        (?, ?, ?, ?, ?, ?, ?, ?, default)
2025-11-30T20:20:30.494-03:00 DEBUG 27228 --- [BlueVelvetMusicStore] [    Test worker] org.hibernate.SQL                        : 
    insert 
    into
        products
        (category_id, created_time, description, enabled, in_stock, name, price, updated_time, id) 
    values
        (?, ?, ?, ?, ?, ?, ?, ?, default)
Hibernate: 
    insert 
    into
        products
        (category_id, created_time, description, enabled, in_stock, name, price, updated_time, id) 
    values
        (?, ?, ?, ?, ?, ?, ?, ?, default)
2025-11-30T20:20:30.503-03:00 DEBUG 27228 --- [BlueVelvetMusicStore] [    Test worker] org.hibernate.SQL                        : 
    select
        p1_0.id,
        p1_0.category_id,
        p1_0.created_time,
        p1_0.description,
        p1_0.enabled,
        p1_0.in_stock,
        p1_0.name,
        p1_0.price,
        p1_0.updated_time 
    from
        products p1_0 
    where
        p1_0.category_id=? 
        and p1_0.enabled 
    order by
        p1_0.created_time desc 
    offset
        ? rows 
    fetch
        first ? rows only
Hibernate: 
    select
        p1_0.id,
        p1_0.category_id,
        p1_0.created_time,
        p1_0.description,
        p1_0.enabled,
        p1_0.in_stock,
        p1_0.name,
        p1_0.price,
        p1_0.updated_time 
    from
        products p1_0 
    where
        p1_0.category_id=? 
        and p1_0.enabled 
    order by
        p1_0.created_time desc 
    offset
        ? rows 
    fetch
        first ? rows only
]]></system-out>
  <system-err><![CDATA[]]></system-err>
</testsuite>
